2020-05-19 09:03:19,211 [Worker-10: Loading available Gradle versions] INFO  o.e.b.c.i.u.g.PublishedGradleVersions - Gradle version information cache is up-to-date. Trying to read.
2020-05-19 09:47:28,661 [Worker-30: Creating project "WebServer"] INFO  o.e.m.c.i.l.LifecycleMappingFactory - Using NULL lifecycle mapping for MavenProject: com.jiaoshiyu:WebServer:0.0.1-SNAPSHOT @ /Users/yuyu/Documents/GitHub/java-beginner/Projects/WebServer/pom.xml.
2020-05-19 10:06:28,730 [Worker-41: Creating project "WebServer"] INFO  o.e.m.c.i.l.LifecycleMappingFactory - Using org.eclipse.m2e.jdt.JarLifecycleMapping lifecycle mapping for MavenProject: cn.tedu:WebServer:0.0.1-SNAPSHOT @ /Users/yuyu/Documents/GitHub/java-beginner/Projects/WebServer/pom.xml.
2020-05-19 10:06:29,473 [Worker-37: Building workspace] WARN  o.e.m.c.i.embedder.EclipseLogger - Using platform encoding (UTF-8 actually) to copy filtered resources, i.e. build is platform dependent!
2020-05-19 10:06:29,497 [Worker-37: Building workspace] INFO  o.e.m.c.i.embedder.EclipseLogger - Copying 0 resource
2020-05-19 10:06:29,500 [Worker-37: Building workspace] WARN  o.e.m.c.i.embedder.EclipseLogger - Using platform encoding (UTF-8 actually) to copy filtered resources, i.e. build is platform dependent!
2020-05-19 10:06:29,501 [Worker-37: Building workspace] INFO  o.e.m.c.i.embedder.EclipseLogger - Copying 0 resource
2020-05-19 10:07:12,514 [Worker-37: Updating maven projects] INFO  o.e.m.c.i.p.ProjectConfigurationManager - Update started
2020-05-19 10:07:12,980 [Worker-39: Discover lifecycle mappings] INFO  o.e.m.i.discovery.MavenDiscovery - No lifecyle mapping found at jar:file:/var/folders/8_/zp6r1r915bl_0lynt6bh358w0000gn/T/RemoteBundleDiscoveryStrategy8886862818629072238.tmp/org.eclipse.m2e.discovery.oss_catalog_1.13.jar_8448426472561191336.jar!/lifecycle%2Forg.eclipse.m2e.discovery.lifecyclemapping.m2e-wtp.xml
2020-05-19 10:07:12,981 [Worker-39: Discover lifecycle mappings] WARN  o.e.m.i.discovery.MavenDiscovery - CatalogItem org.eclipse.m2e.discovery.lifecyclemapping.m2e-wtp does not contain lifecycle mapping metadata
2020-05-19 10:07:13,002 [Worker-39: Discover lifecycle mappings] INFO  o.e.m.i.discovery.MavenDiscovery - No lifecyle mapping found at jar:file:/var/folders/8_/zp6r1r915bl_0lynt6bh358w0000gn/T/RemoteBundleDiscoveryStrategy8886862818629072238.tmp/org.eclipse.m2e.discovery.oss_catalog_1.13.jar_8448426472561191336.jar!/lifecycle%2Forg.eclipse.m2e.discovery.lifecyclemapping.m2e-egit.xml
2020-05-19 10:07:13,003 [Worker-39: Discover lifecycle mappings] WARN  o.e.m.i.discovery.MavenDiscovery - CatalogItem org.eclipse.m2e.discovery.lifecyclemapping.m2e-egit does not contain lifecycle mapping metadata
2020-05-19 10:07:13,021 [Worker-39: Discover lifecycle mappings] INFO  o.e.m.i.discovery.MavenDiscovery - No lifecyle mapping found at jar:file:/var/folders/8_/zp6r1r915bl_0lynt6bh358w0000gn/T/RemoteBundleDiscoveryStrategy8886862818629072238.tmp/org.eclipse.m2e.discovery.oss_catalog_1.13.jar_8448426472561191336.jar!/lifecycle%2Forg.eclipse.m2e.discovery.lifecyclemapping.m2e-subversive.xml
2020-05-19 10:07:13,021 [Worker-39: Discover lifecycle mappings] WARN  o.e.m.i.discovery.MavenDiscovery - CatalogItem org.eclipse.m2e.discovery.lifecyclemapping.m2e-subversive does not contain lifecycle mapping metadata
2020-05-19 10:07:13,035 [Worker-39: Discover lifecycle mappings] INFO  o.e.m.i.discovery.MavenDiscovery - No lifecyle mapping found at jar:file:/var/folders/8_/zp6r1r915bl_0lynt6bh358w0000gn/T/RemoteBundleDiscoveryStrategy8886862818629072238.tmp/org.eclipse.m2e.discovery.oss_catalog_1.13.jar_8448426472561191336.jar!/lifecycle%2Forg.eclipse.m2e.discovery.extras.m2e-chromatic.xml
2020-05-19 10:07:13,035 [Worker-39: Discover lifecycle mappings] WARN  o.e.m.i.discovery.MavenDiscovery - CatalogItem org.eclipse.m2e.discovery.extras.m2e-chromatic does not contain lifecycle mapping metadata
2020-05-19 10:07:13,321 [Worker-37: Updating maven projects] INFO  o.e.m.c.i.l.LifecycleMappingFactory - Using org.eclipse.m2e.jdt.JarLifecycleMapping lifecycle mapping for MavenProject: cn.tedu:WebServer:0.0.1-SNAPSHOT @ /Users/yuyu/Documents/GitHub/java-beginner/Projects/WebServer/pom.xml.
2020-05-19 10:07:13,460 [Worker-37: Updating maven projects] INFO  o.e.m.c.i.p.ProjectConfigurationManager - Update completed: 0 sec
2020-05-19 10:07:13,820 [Worker-43: Building workspace] WARN  o.e.m.c.i.embedder.EclipseLogger - Using platform encoding (UTF-8 actually) to copy filtered resources, i.e. build is platform dependent!
2020-05-19 10:07:13,821 [Worker-43: Building workspace] INFO  o.e.m.c.i.embedder.EclipseLogger - Copying 0 resource
2020-05-19 10:07:13,823 [Worker-43: Building workspace] WARN  o.e.m.c.i.embedder.EclipseLogger - Using platform encoding (UTF-8 actually) to copy filtered resources, i.e. build is platform dependent!
2020-05-19 10:07:13,823 [Worker-43: Building workspace] INFO  o.e.m.c.i.embedder.EclipseLogger - Copying 0 resource
2020-05-19 10:08:26,072 [Worker-40: Building workspace] WARN  o.e.m.c.i.embedder.EclipseLogger - Using platform encoding (UTF-8 actually) to copy filtered resources, i.e. build is platform dependent!
2020-05-19 10:08:26,098 [Worker-40: Building workspace] INFO  o.e.m.c.i.embedder.EclipseLogger - Copying 0 resource
2020-05-19 10:08:26,099 [Worker-40: Building workspace] WARN  o.e.m.c.i.embedder.EclipseLogger - Using platform encoding (UTF-8 actually) to copy filtered resources, i.e. build is platform dependent!
2020-05-19 10:08:26,100 [Worker-40: Building workspace] INFO  o.e.m.c.i.embedder.EclipseLogger - Copying 0 resource
2020-05-19 10:09:21,641 [Worker-42: Updating Maven Dependencies] INFO  o.e.m.c.i.e.AbstractTransferListenerAdapter - Downloading https://maven.aliyun.com/repository/public/org/apache/maven/maven-plugin-parameter-documenter/2.0.9/maven-plugin-parameter-documenter-2.0.9.jar
2020-05-19 10:09:21,789 [Worker-42: Updating Maven Dependencies] INFO  o.e.m.c.i.e.AbstractTransferListenerAdapter - Downloaded https://maven.aliyun.com/repository/public/org/apache/maven/maven-plugin-parameter-documenter/2.0.9/maven-plugin-parameter-documenter-2.0.9.jar
2020-05-19 10:09:21,892 [Worker-42: Updating Maven Dependencies] INFO  o.e.m.c.i.e.AbstractTransferListenerAdapter - Downloading https://maven.aliyun.com/repository/public/org/apache/maven/maven-profile/2.0.9/maven-profile-2.0.9.jar
2020-05-19 10:09:22,029 [Worker-42: Updating Maven Dependencies] INFO  o.e.m.c.i.e.AbstractTransferListenerAdapter - Downloaded https://maven.aliyun.com/repository/public/org/apache/maven/maven-profile/2.0.9/maven-profile-2.0.9.jar
2020-05-19 10:09:22,129 [Worker-42: Updating Maven Dependencies] INFO  o.e.m.c.i.e.AbstractTransferListenerAdapter - Downloading https://maven.aliyun.com/repository/public/org/apache/maven/maven-model/2.0.9/maven-model-2.0.9.jar
2020-05-19 10:09:22,276 [Worker-42: Updating Maven Dependencies] INFO  o.e.m.c.i.e.AbstractTransferListenerAdapter - Downloaded https://maven.aliyun.com/repository/public/org/apache/maven/maven-model/2.0.9/maven-model-2.0.9.jar
2020-05-19 10:09:22,388 [Worker-42: Updating Maven Dependencies] INFO  o.e.m.c.i.e.AbstractTransferListenerAdapter - Downloading https://maven.aliyun.com/repository/public/org/apache/maven/maven-repository-metadata/2.0.9/maven-repository-metadata-2.0.9.jar
2020-05-19 10:09:22,501 [Worker-42: Updating Maven Dependencies] INFO  o.e.m.c.i.e.AbstractTransferListenerAdapter - Downloaded https://maven.aliyun.com/repository/public/org/apache/maven/maven-repository-metadata/2.0.9/maven-repository-metadata-2.0.9.jar
2020-05-19 10:09:22,599 [Worker-42: Updating Maven Dependencies] INFO  o.e.m.c.i.e.AbstractTransferListenerAdapter - Downloading https://maven.aliyun.com/repository/public/org/apache/maven/maven-error-diagnostics/2.0.9/maven-error-diagnostics-2.0.9.jar
2020-05-19 10:09:22,703 [Worker-42: Updating Maven Dependencies] INFO  o.e.m.c.i.e.AbstractTransferListenerAdapter - Downloaded https://maven.aliyun.com/repository/public/org/apache/maven/maven-error-diagnostics/2.0.9/maven-error-diagnostics-2.0.9.jar
2020-05-19 10:09:22,796 [Worker-42: Updating Maven Dependencies] INFO  o.e.m.c.i.e.AbstractTransferListenerAdapter - Downloading https://maven.aliyun.com/repository/public/org/apache/maven/maven-project/2.0.9/maven-project-2.0.9.jar
2020-05-19 10:09:22,939 [Worker-42: Updating Maven Dependencies] INFO  o.e.m.c.i.e.AbstractTransferListenerAdapter - Downloaded https://maven.aliyun.com/repository/public/org/apache/maven/maven-project/2.0.9/maven-project-2.0.9.jar
2020-05-19 10:09:23,040 [Worker-42: Updating Maven Dependencies] INFO  o.e.m.c.i.e.AbstractTransferListenerAdapter - Downloading https://maven.aliyun.com/repository/public/org/apache/maven/maven-plugin-registry/2.0.9/maven-plugin-registry-2.0.9.jar
2020-05-19 10:09:23,138 [Worker-42: Updating Maven Dependencies] INFO  o.e.m.c.i.e.AbstractTransferListenerAdapter - Downloaded https://maven.aliyun.com/repository/public/org/apache/maven/maven-plugin-registry/2.0.9/maven-plugin-registry-2.0.9.jar
2020-05-19 10:09:23,235 [Worker-42: Updating Maven Dependencies] INFO  o.e.m.c.i.e.AbstractTransferListenerAdapter - Downloading https://maven.aliyun.com/repository/public/org/apache/maven/maven-plugin-descriptor/2.0.9/maven-plugin-descriptor-2.0.9.jar
2020-05-19 10:09:23,340 [Worker-42: Updating Maven Dependencies] INFO  o.e.m.c.i.e.AbstractTransferListenerAdapter - Downloaded https://maven.aliyun.com/repository/public/org/apache/maven/maven-plugin-descriptor/2.0.9/maven-plugin-descriptor-2.0.9.jar
2020-05-19 10:09:23,443 [Worker-42: Updating Maven Dependencies] INFO  o.e.m.c.i.e.AbstractTransferListenerAdapter - Downloading https://maven.aliyun.com/repository/public/org/apache/maven/maven-artifact-manager/2.0.9/maven-artifact-manager-2.0.9.jar
2020-05-19 10:09:23,562 [Worker-42: Updating Maven Dependencies] INFO  o.e.m.c.i.e.AbstractTransferListenerAdapter - Downloaded https://maven.aliyun.com/repository/public/org/apache/maven/maven-artifact-manager/2.0.9/maven-artifact-manager-2.0.9.jar
2020-05-19 10:09:23,659 [Worker-42: Updating Maven Dependencies] INFO  o.e.m.c.i.e.AbstractTransferListenerAdapter - Downloading https://maven.aliyun.com/repository/public/org/apache/maven/maven-monitor/2.0.9/maven-monitor-2.0.9.jar
2020-05-19 10:09:23,759 [Worker-42: Updating Maven Dependencies] INFO  o.e.m.c.i.e.AbstractTransferListenerAdapter - Downloaded https://maven.aliyun.com/repository/public/org/apache/maven/maven-monitor/2.0.9/maven-monitor-2.0.9.jar
2020-05-19 10:09:23,856 [Worker-42: Updating Maven Dependencies] INFO  o.e.m.c.i.e.AbstractTransferListenerAdapter - Downloading https://maven.aliyun.com/repository/public/org/apache/maven/maven-toolchain/1.0/maven-toolchain-1.0.jar
2020-05-19 10:09:23,966 [Worker-42: Updating Maven Dependencies] INFO  o.e.m.c.i.e.AbstractTransferListenerAdapter - Downloaded https://maven.aliyun.com/repository/public/org/apache/maven/maven-toolchain/1.0/maven-toolchain-1.0.jar
2020-05-19 10:09:24,065 [Worker-42: Updating Maven Dependencies] INFO  o.e.m.c.i.e.AbstractTransferListenerAdapter - Downloading https://maven.aliyun.com/repository/public/org/apache/maven/shared/maven-shared-utils/0.1/maven-shared-utils-0.1.jar
2020-05-19 10:09:24,200 [Worker-42: Updating Maven Dependencies] INFO  o.e.m.c.i.e.AbstractTransferListenerAdapter - Downloaded https://maven.aliyun.com/repository/public/org/apache/maven/shared/maven-shared-utils/0.1/maven-shared-utils-0.1.jar
2020-05-19 10:09:24,294 [Worker-42: Updating Maven Dependencies] INFO  o.e.m.c.i.e.AbstractTransferListenerAdapter - Downloading https://maven.aliyun.com/repository/public/org/codehaus/plexus/plexus-component-annotations/1.5.5/plexus-component-annotations-1.5.5.jar
2020-05-19 10:09:24,392 [Worker-42: Updating Maven Dependencies] INFO  o.e.m.c.i.e.AbstractTransferListenerAdapter - Downloaded https://maven.aliyun.com/repository/public/org/codehaus/plexus/plexus-component-annotations/1.5.5/plexus-component-annotations-1.5.5.jar
2020-05-19 10:09:24,495 [Worker-42: Updating Maven Dependencies] INFO  o.e.m.c.i.e.AbstractTransferListenerAdapter - Downloading https://maven.aliyun.com/repository/public/org/codehaus/plexus/plexus-compiler-api/2.2/plexus-compiler-api-2.2.jar
2020-05-19 10:09:24,611 [Worker-42: Updating Maven Dependencies] INFO  o.e.m.c.i.e.AbstractTransferListenerAdapter - Downloaded https://maven.aliyun.com/repository/public/org/codehaus/plexus/plexus-compiler-api/2.2/plexus-compiler-api-2.2.jar
2020-05-19 10:09:24,711 [Worker-42: Updating Maven Dependencies] INFO  o.e.m.c.i.e.AbstractTransferListenerAdapter - Downloading https://maven.aliyun.com/repository/public/org/codehaus/plexus/plexus-compiler-manager/2.2/plexus-compiler-manager-2.2.jar
2020-05-19 10:09:24,811 [Worker-42: Updating Maven Dependencies] INFO  o.e.m.c.i.e.AbstractTransferListenerAdapter - Downloaded https://maven.aliyun.com/repository/public/org/codehaus/plexus/plexus-compiler-manager/2.2/plexus-compiler-manager-2.2.jar
2020-05-19 10:09:24,905 [Worker-42: Updating Maven Dependencies] INFO  o.e.m.c.i.e.AbstractTransferListenerAdapter - Downloading https://maven.aliyun.com/repository/public/org/codehaus/plexus/plexus-compiler-javac/2.2/plexus-compiler-javac-2.2.jar
2020-05-19 10:09:25,022 [Worker-42: Updating Maven Dependencies] INFO  o.e.m.c.i.e.AbstractTransferListenerAdapter - Downloaded https://maven.aliyun.com/repository/public/org/codehaus/plexus/plexus-compiler-javac/2.2/plexus-compiler-javac-2.2.jar
2020-05-19 10:09:25,146 [Worker-42: Updating Maven Dependencies] INFO  o.e.m.c.i.e.AbstractTransferListenerAdapter - Downloading https://maven.aliyun.com/repository/public/org/codehaus/plexus/plexus-container-default/1.5.5/plexus-container-default-1.5.5.jar
2020-05-19 10:09:25,591 [Worker-42: Updating Maven Dependencies] INFO  o.e.m.c.i.e.AbstractTransferListenerAdapter - Downloaded https://maven.aliyun.com/repository/public/org/codehaus/plexus/plexus-container-default/1.5.5/plexus-container-default-1.5.5.jar
2020-05-19 10:09:25,703 [Worker-42: Updating Maven Dependencies] INFO  o.e.m.c.i.e.AbstractTransferListenerAdapter - Downloading https://maven.aliyun.com/repository/public/org/codehaus/plexus/plexus-classworlds/2.2.2/plexus-classworlds-2.2.2.jar
2020-05-19 10:09:25,811 [Worker-42: Updating Maven Dependencies] INFO  o.e.m.c.i.e.AbstractTransferListenerAdapter - Downloaded https://maven.aliyun.com/repository/public/org/codehaus/plexus/plexus-classworlds/2.2.2/plexus-classworlds-2.2.2.jar
2020-05-19 10:09:25,910 [Worker-42: Updating Maven Dependencies] INFO  o.e.m.c.i.e.AbstractTransferListenerAdapter - Downloading https://maven.aliyun.com/repository/public/org/apache/xbean/xbean-reflect/3.4/xbean-reflect-3.4.jar
2020-05-19 10:09:26,023 [Worker-42: Updating Maven Dependencies] INFO  o.e.m.c.i.e.AbstractTransferListenerAdapter - Downloaded https://maven.aliyun.com/repository/public/org/apache/xbean/xbean-reflect/3.4/xbean-reflect-3.4.jar
2020-05-19 10:09:26,124 [Worker-42: Updating Maven Dependencies] INFO  o.e.m.c.i.e.AbstractTransferListenerAdapter - Downloading https://maven.aliyun.com/repository/public/log4j/log4j/1.2.12/log4j-1.2.12.jar
2020-05-19 10:09:26,293 [Worker-42: Updating Maven Dependencies] INFO  o.e.m.c.i.e.AbstractTransferListenerAdapter - Downloaded https://maven.aliyun.com/repository/public/log4j/log4j/1.2.12/log4j-1.2.12.jar
2020-05-19 10:09:26,401 [Worker-42: Updating Maven Dependencies] INFO  o.e.m.c.i.e.AbstractTransferListenerAdapter - Downloading https://maven.aliyun.com/repository/public/commons-logging/commons-logging-api/1.1/commons-logging-api-1.1.jar
2020-05-19 10:09:26,499 [Worker-42: Updating Maven Dependencies] INFO  o.e.m.c.i.e.AbstractTransferListenerAdapter - Downloaded https://maven.aliyun.com/repository/public/commons-logging/commons-logging-api/1.1/commons-logging-api-1.1.jar
2020-05-19 10:09:26,595 [Worker-42: Updating Maven Dependencies] INFO  o.e.m.c.i.e.AbstractTransferListenerAdapter - Downloading https://maven.aliyun.com/repository/public/com/google/collections/google-collections/1.0/google-collections-1.0.jar
2020-05-19 10:09:26,784 [Worker-42: Updating Maven Dependencies] INFO  o.e.m.c.i.e.AbstractTransferListenerAdapter - Downloaded https://maven.aliyun.com/repository/public/com/google/collections/google-collections/1.0/google-collections-1.0.jar
2020-05-19 10:09:26,880 [Worker-42: Updating Maven Dependencies] INFO  o.e.m.c.i.e.AbstractTransferListenerAdapter - Downloading https://maven.aliyun.com/repository/public/junit/junit/3.8.2/junit-3.8.2.jar
2020-05-19 10:09:26,998 [Worker-42: Updating Maven Dependencies] INFO  o.e.m.c.i.e.AbstractTransferListenerAdapter - Downloaded https://maven.aliyun.com/repository/public/junit/junit/3.8.2/junit-3.8.2.jar
2020-05-19 10:09:27,543 [Worker-42: Updating Maven Dependencies] INFO  o.e.m.c.i.l.LifecycleMappingFactory - Using org.eclipse.m2e.jdt.JarLifecycleMapping lifecycle mapping for MavenProject: cn.tedu:WebServer:0.0.1-SNAPSHOT @ /Users/yuyu/Documents/GitHub/java-beginner/Projects/WebServer/pom.xml.
2020-05-19 10:09:28,324 [Worker-42: Updating Maven Dependencies] INFO  o.e.m.c.i.e.AbstractTransferListenerAdapter - Downloading https://maven.aliyun.com/repository/public/org/apache/maven/plugins/maven-surefire-plugin/2.12.4/maven-surefire-plugin-2.12.4.pom
2020-05-19 10:09:28,432 [Worker-42: Updating Maven Dependencies] INFO  o.e.m.c.i.e.AbstractTransferListenerAdapter - Downloaded https://maven.aliyun.com/repository/public/org/apache/maven/plugins/maven-surefire-plugin/2.12.4/maven-surefire-plugin-2.12.4.pom
2020-05-19 10:09:28,535 [Worker-42: Updating Maven Dependencies] INFO  o.e.m.c.i.e.AbstractTransferListenerAdapter - Downloading https://maven.aliyun.com/repository/public/org/apache/maven/surefire/surefire/2.12.4/surefire-2.12.4.pom
2020-05-19 10:09:28,659 [Worker-42: Updating Maven Dependencies] INFO  o.e.m.c.i.e.AbstractTransferListenerAdapter - Downloaded https://maven.aliyun.com/repository/public/org/apache/maven/surefire/surefire/2.12.4/surefire-2.12.4.pom
2020-05-19 10:09:30,631 [Worker-42: Updating Maven Dependencies] INFO  o.e.m.c.i.e.AbstractTransferListenerAdapter - Downloading https://maven.aliyun.com/repository/public/commons-lang/commons-lang/2.1/commons-lang-2.1.pom
2020-05-19 10:09:30,793 [Worker-42: Updating Maven Dependencies] INFO  o.e.m.c.i.e.AbstractTransferListenerAdapter - Downloaded https://maven.aliyun.com/repository/public/commons-lang/commons-lang/2.1/commons-lang-2.1.pom
2020-05-19 10:09:31,650 [Worker-42: Updating Maven Dependencies] INFO  o.e.m.c.i.e.AbstractTransferListenerAdapter - Downloading https://maven.aliyun.com/repository/public/classworlds/classworlds/1.1-alpha-2/classworlds-1.1-alpha-2.jar
2020-05-19 10:09:31,803 [Worker-42: Updating Maven Dependencies] INFO  o.e.m.c.i.e.AbstractTransferListenerAdapter - Downloaded https://maven.aliyun.com/repository/public/classworlds/classworlds/1.1-alpha-2/classworlds-1.1-alpha-2.jar
2020-05-19 10:09:32,072 [Worker-42: Updating Maven Dependencies] INFO  o.e.m.c.i.e.AbstractTransferListenerAdapter - Downloading https://maven.aliyun.com/repository/public/org/apache/maven/maven-archiver/2.5/maven-archiver-2.5.jar
2020-05-19 10:09:32,222 [Worker-42: Updating Maven Dependencies] INFO  o.e.m.c.i.e.AbstractTransferListenerAdapter - Downloaded https://maven.aliyun.com/repository/public/org/apache/maven/maven-archiver/2.5/maven-archiver-2.5.jar
2020-05-19 10:09:33,039 [Worker-42: Updating Maven Dependencies] INFO  o.e.m.c.i.e.AbstractTransferListenerAdapter - Downloading https://maven.aliyun.com/repository/public/org/codehaus/plexus/plexus-interpolation/1.15/plexus-interpolation-1.15.jar
2020-05-19 10:09:33,221 [Worker-42: Updating Maven Dependencies] INFO  o.e.m.c.i.e.AbstractTransferListenerAdapter - Downloaded https://maven.aliyun.com/repository/public/org/codehaus/plexus/plexus-interpolation/1.15/plexus-interpolation-1.15.jar
2020-05-19 10:09:33,323 [Worker-42: Updating Maven Dependencies] INFO  o.e.m.c.i.e.AbstractTransferListenerAdapter - Downloading https://maven.aliyun.com/repository/public/org/codehaus/plexus/plexus-archiver/2.1/plexus-archiver-2.1.jar
2020-05-19 10:09:33,487 [Worker-42: Updating Maven Dependencies] INFO  o.e.m.c.i.e.AbstractTransferListenerAdapter - Downloaded https://maven.aliyun.com/repository/public/org/codehaus/plexus/plexus-archiver/2.1/plexus-archiver-2.1.jar
2020-05-19 10:09:33,624 [Worker-42: Updating Maven Dependencies] INFO  o.e.m.c.i.e.AbstractTransferListenerAdapter - Downloading https://maven.aliyun.com/repository/public/org/codehaus/plexus/plexus-io/2.0.2/plexus-io-2.0.2.jar
2020-05-19 10:09:33,741 [Worker-42: Updating Maven Dependencies] INFO  o.e.m.c.i.e.AbstractTransferListenerAdapter - Downloaded https://maven.aliyun.com/repository/public/org/codehaus/plexus/plexus-io/2.0.2/plexus-io-2.0.2.jar
2020-05-19 10:09:33,856 [Worker-42: Updating Maven Dependencies] INFO  o.e.m.c.i.e.AbstractTransferListenerAdapter - Downloading https://maven.aliyun.com/repository/public/commons-lang/commons-lang/2.1/commons-lang-2.1.jar
2020-05-19 10:09:33,990 [Worker-42: Updating Maven Dependencies] INFO  o.e.m.c.i.e.AbstractTransferListenerAdapter - Downloaded https://maven.aliyun.com/repository/public/commons-lang/commons-lang/2.1/commons-lang-2.1.jar
2020-05-19 10:09:36,383 [Worker-41: Building workspace] WARN  o.e.m.c.i.embedder.EclipseLogger - Using platform encoding (UTF-8 actually) to copy filtered resources, i.e. build is platform dependent!
2020-05-19 10:09:36,402 [Worker-41: Building workspace] INFO  o.e.m.c.i.embedder.EclipseLogger - Copying 0 resource
2020-05-19 10:09:36,403 [Worker-41: Building workspace] WARN  o.e.m.c.i.embedder.EclipseLogger - Using platform encoding (UTF-8 actually) to copy filtered resources, i.e. build is platform dependent!
2020-05-19 10:09:36,404 [Worker-41: Building workspace] INFO  o.e.m.c.i.embedder.EclipseLogger - Copying 0 resource
2020-05-19 10:19:05,394 [Worker-3: Loading available Gradle versions] INFO  o.e.b.c.i.u.g.PublishedGradleVersions - Gradle version information cache is up-to-date. Trying to read.
2020-05-19 10:19:53,943 [Worker-1: Creating project "WebServer"] INFO  o.e.m.c.i.l.LifecycleMappingFactory - Using org.eclipse.m2e.jdt.JarLifecycleMapping lifecycle mapping for MavenProject: cn.tedu:WebServer:0.0.1-SNAPSHOT @ /Users/yuyu/Documents/GitHub/java-beginner/Projects/WebServer/pom.xml.
2020-05-19 10:19:54,726 [Worker-1: Creating project "WebServer"] INFO  o.e.m.j.i.AbstractJavaProjectConfigurator - Adding source folder /WebServer/src/main/java
2020-05-19 10:19:54,727 [Worker-1: Creating project "WebServer"] INFO  o.e.m.j.i.AbstractJavaProjectConfigurator - Adding resource folder /WebServer/src/main/resources
2020-05-19 10:19:54,728 [Worker-1: Creating project "WebServer"] INFO  o.e.m.j.i.AbstractJavaProjectConfigurator - Adding source folder /WebServer/src/test/java
2020-05-19 10:19:54,728 [Worker-1: Creating project "WebServer"] INFO  o.e.m.j.i.AbstractJavaProjectConfigurator - Adding resource folder /WebServer/src/test/resources
2020-05-19 10:19:55,738 [Worker-11: Building workspace] WARN  o.e.m.c.i.embedder.EclipseLogger - Using platform encoding (UTF-8 actually) to copy filtered resources, i.e. build is platform dependent!
2020-05-19 10:19:55,778 [Worker-11: Building workspace] INFO  o.e.m.c.i.embedder.EclipseLogger - Copying 0 resource
2020-05-19 10:19:55,780 [Worker-11: Building workspace] WARN  o.e.m.c.i.embedder.EclipseLogger - Using platform encoding (UTF-8 actually) to copy filtered resources, i.e. build is platform dependent!
2020-05-19 10:19:55,781 [Worker-11: Building workspace] INFO  o.e.m.c.i.embedder.EclipseLogger - Copying 0 resource
